99.07.14 09:59 A c:\mydocu~1\wfo-cbrc\webmas~1\websit~1\cbrc\96report\CBRC96.htm <-- CBRC /home/wfo/public_html/cbrc/rptphoto CBRC96.htm
99.07.14 09:59 A c:\mydocu~1\wfo-cbrc\webmas~1\websit~1\cbrc\96report\figure1.htm <-- CBRC /home/wfo/public_html/cbrc/rptphoto figure1.htm
99.07.14 09:59 A c:\mydocu~1\wfo-cbrc\webmas~1\websit~1\cbrc\96report\figure2.htm <-- CBRC /home/wfo/public_html/cbrc/rptphoto figure2.htm
99.07.14 09:59 A c:\mydocu~1\wfo-cbrc\webmas~1\websit~1\cbrc\96report\figure3.htm <-- CBRC /home/wfo/public_html/cbrc/rptphoto figure3.htm
99.07.14 10:00 A c:\mydocu~1\wfo-cbrc\webmas~1\websit~1\cbrc\96report\figure4.htm <-- CBRC /home/wfo/public_html/cbrc/rptphoto figure4.htm
99.07.14 10:00 A c:\mydocu~1\wfo-cbrc\webmas~1\websit~1\cbrc\96report\figure5.htm <-- CBRC /home/wfo/public_html/cbrc/rptphoto figure5.htm
99.07.14 10:00 A c:\mydocu~1\wfo-cbrc\webmas~1\websit~1\cbrc\96report\figure6.htm <-- CBRC /home/wfo/public_html/cbrc/rptphoto figure6.htm
99.07.14 10:00 A c:\mydocu~1\wfo-cbrc\webmas~1\websit~1\cbrc\96report\figure7.htm <-- CBRC /home/wfo/public_html/cbrc/rptphoto figure7.htm
99.07.14 10:00 A c:\mydocu~1\wfo-cbrc\webmas~1\websit~1\cbrc\96report\figure8.htm <-- CBRC /home/wfo/public_html/cbrc/rptphoto figure8.htm
99.07.14 10:00 A c:\mydocu~1\wfo-cbrc\webmas~1\websit~1\cbrc\96report\figure9.htm <-- CBRC /home/wfo/public_html/cbrc/rptphoto figure9.htm
99.07.14 10:00 B c:\mydocu~1\wfo-cbrc\webmas~1\websit~1\cbrc\96report\fig1.gif <-- CBRC /home/wfo/public_html/cbrc/rptphoto fig1.gif
99.07.14 10:01 B c:\mydocu~1\wfo-cbrc\webmas~1\websit~1\cbrc\96report\fig2.jpg <-- CBRC /home/wfo/public_html/cbrc/rptphoto fig2.jpg
99.07.14 10:01 B c:\mydocu~1\wfo-cbrc\webmas~1\websit~1\cbrc\96report\fig3.jpg <-- CBRC /home/wfo/public_html/cbrc/rptphoto fig3.jpg
99.07.14 10:01 B c:\mydocu~1\wfo-cbrc\webmas~1\websit~1\cbrc\96report\fig4.jpg <-- CBRC /home/wfo/public_html/cbrc/rptphoto fig4.jpg
99.07.14 10:01 B c:\mydocu~1\wfo-cbrc\webmas~1\websit~1\cbrc\96report\fig5.jpg <-- CBRC /home/wfo/public_html/cbrc/rptphoto fig5.jpg
99.07.14 10:01 B c:\mydocu~1\wfo-cbrc\webmas~1\websit~1\cbrc\96report\fig6.jpg <-- CBRC /home/wfo/public_html/cbrc/rptphoto fig6.jpg
99.07.14 10:01 B c:\mydocu~1\wfo-cbrc\webmas~1\websit~1\cbrc\96report\fig7.gif <-- CBRC /home/wfo/public_html/cbrc/rptphoto fig7.gif
99.07.14 10:02 B c:\mydocu~1\wfo-cbrc\webmas~1\websit~1\cbrc\96report\fig8.jpg <-- CBRC /home/wfo/public_html/cbrc/rptphoto fig8.jpg
99.07.14 10:02 B c:\mydocu~1\wfo-cbrc\webmas~1\websit~1\cbrc\96report\fig9.jpg <-- CBRC /home/wfo/public_html/cbrc/rptphoto fig9.jpg
99.07.31 12:36 B c:\mydocu~1\wfo-cbrc\webmas~1\websit~1\cbrc\96report\fig1.gif <-- CBRC /home/wfo/public_html/cbrc/rptphoto fig1.gif
99.07.31 12:36 B c:\mydocu~1\wfo-cbrc\webmas~1\websit~1\cbrc\96report\fig7.gif <-- CBRC /home/wfo/public_html/cbrc/rptphoto fig7.gif
99.07.31 12:37 A c:\mydocu~1\wfo-cbrc\webmas~1\websit~1\cbrc\96report\figure1.htm <-- CBRC /home/wfo/public_html/cbrc/rptphoto figure1.htm
99.07.31 12:37 A c:\mydocu~1\wfo-cbrc\webmas~1\websit~1\cbrc\96report\figure2.htm <-- CBRC /home/wfo/public_html/cbrc/rptphoto figure2.htm
99.07.31 12:37 A c:\mydocu~1\wfo-cbrc\webmas~1\websit~1\cbrc\96report\figure6.htm <-- CBRC /home/wfo/public_html/cbrc/rptphoto figure6.htm
99.07.31 12:37 A c:\mydocu~1\wfo-cbrc\webmas~1\websit~1\cbrc\96report\figure7.htm <-- CBRC /home/wfo/public_html/cbrc/rptphoto figure7.htm
99.07.31 12:37 A c:\mydocu~1\wfo-cbrc\webmas~1\websit~1\cbrc\96report\figure8.htm <-- CBRC /home/wfo/public_html/cbrc/rptphoto figure8.htm
99.07.31 12:37 A c:\mydocu~1\wfo-cbrc\webmas~1\websit~1\cbrc\96report\figure9.htm <-- CBRC /home/wfo/public_html/cbrc/rptphoto figure9.htm
99.07.31 12:37 B c:\mydocu~1\wfo-cbrc\webmas~1\websit~1\cbrc\96report\rate.gif <-- CBRC /home/wfo/public_html/cbrc/rptphoto rate.gif
99.07.31 17:38 A c:\mydocu~1\wfo-cbrc\webmas~1\websit~1\cbrc\96report\96report.html --> shell16.ba.best.com /home/wfo/public_html/cbrc/96report 96report.html
99.07.31 17:38 B c:\mydocu~1\wfo-cbrc\webmas~1\websit~1\cbrc\96report\dot_clea.gif --> shell16.ba.best.com /home/wfo/public_html/cbrc/96report dot_clea.gif
99.07.31 17:38 B c:\mydocu~1\wfo-cbrc\webmas~1\websit~1\cbrc\96report\fig1.gif --> shell16.ba.best.com /home/wfo/public_html/cbrc/96report fig1.gif
99.07.31 17:39 B c:\mydocu~1\wfo-cbrc\webmas~1\websit~1\cbrc\96report\fig2.jpg --> shell16.ba.best.com /home/wfo/public_html/cbrc/96report fig2.jpg
99.07.31 17:39 B c:\mydocu~1\wfo-cbrc\webmas~1\websit~1\cbrc\96report\fig3.jpg --> shell16.ba.best.com /home/wfo/public_html/cbrc/96report fig3.jpg
99.07.31 17:39 B c:\mydocu~1\wfo-cbrc\webmas~1\websit~1\cbrc\96report\fig4.jpg --> shell16.ba.best.com /home/wfo/public_html/cbrc/96report fig4.jpg
99.07.31 17:39 B c:\mydocu~1\wfo-cbrc\webmas~1\websit~1\cbrc\96report\fig5.jpg --> shell16.ba.best.com /home/wfo/public_html/cbrc/96report fig5.jpg
99.07.31 17:39 B c:\mydocu~1\wfo-cbrc\webmas~1\websit~1\cbrc\96report\fig6.jpg --> shell16.ba.best.com /home/wfo/public_html/cbrc/96report fig6.jpg
99.07.31 17:39 B c:\mydocu~1\wfo-cbrc\webmas~1\websit~1\cbrc\96report\fig7.gif --> shell16.ba.best.com /home/wfo/public_html/cbrc/96report fig7.gif
99.07.31 17:39 B c:\mydocu~1\wfo-cbrc\webmas~1\websit~1\cbrc\96report\fig8.jpg --> shell16.ba.best.com /home/wfo/public_html/cbrc/96report fig8.jpg
99.07.31 17:40 B c:\mydocu~1\wfo-cbrc\webmas~1\websit~1\cbrc\96report\fig9.jpg --> shell16.ba.best.com /home/wfo/public_html/cbrc/96report fig9.jpg
99.07.31 17:40 A c:\mydocu~1\wfo-cbrc\webmas~1\websit~1\cbrc\96report\figure1.html --> shell16.ba.best.com /home/wfo/public_html/cbrc/96report figure1.html
99.07.31 17:40 A c:\mydocu~1\wfo-cbrc\webmas~1\websit~1\cbrc\96report\figure2.html --> shell16.ba.best.com /home/wfo/public_html/cbrc/96report figure2.html
99.07.31 17:40 A c:\mydocu~1\wfo-cbrc\webmas~1\websit~1\cbrc\96report\figure3.html --> shell16.ba.best.com /home/wfo/public_html/cbrc/96report figure3.html
99.07.31 17:40 A c:\mydocu~1\wfo-cbrc\webmas~1\websit~1\cbrc\96report\figure4.html --> shell16.ba.best.com /home/wfo/public_html/cbrc/96report figure4.html
99.07.31 17:40 A c:\mydocu~1\wfo-cbrc\webmas~1\websit~1\cbrc\96report\figure5.html --> shell16.ba.best.com /home/wfo/public_html/cbrc/96report figure5.html
99.07.31 17:40 A c:\mydocu~1\wfo-cbrc\webmas~1\websit~1\cbrc\96report\figure6.html --> shell16.ba.best.com /home/wfo/public_html/cbrc/96report figure6.html
99.07.31 17:40 A c:\mydocu~1\wfo-cbrc\webmas~1\websit~1\cbrc\96report\figure7.html --> shell16.ba.best.com /home/wfo/public_html/cbrc/96report figure7.html
99.07.31 17:40 A c:\mydocu~1\wfo-cbrc\webmas~1\websit~1\cbrc\96report\figure8.html --> shell16.ba.best.com /home/wfo/public_html/cbrc/96report figure8.html
99.07.31 17:40 A c:\mydocu~1\wfo-cbrc\webmas~1\websit~1\cbrc\96report\figure9.html --> shell16.ba.best.com /home/wfo/public_html/cbrc/96report figure9.html
99.07.31 17:40 B c:\mydocu~1\wfo-cbrc\webmas~1\websit~1\cbrc\96report\rate.gif --> shell16.ba.best.com /home/wfo/public_html/cbrc/96report rate.gif
99.08.01 19:42 A c:\mydocu~1\wfo-cbrc\webmas~1\websit~1\cbrc\96report\96report.html --> shell16.ba.best.com /home/wfo/public_html/cbrc/96report 96report.html
99.08.01 19:42 A c:\mydocu~1\wfo-cbrc\webmas~1\websit~1\cbrc\96report\figure1.html --> shell16.ba.best.com /home/wfo/public_html/cbrc/96report figure1.html
99.08.01 19:42 A c:\mydocu~1\wfo-cbrc\webmas~1\websit~1\cbrc\96report\figure2.html --> shell16.ba.best.com /home/wfo/public_html/cbrc/96report figure2.html
99.08.01 19:42 A c:\mydocu~1\wfo-cbrc\webmas~1\websit~1\cbrc\96report\figure3.html --> shell16.ba.best.com /home/wfo/public_html/cbrc/96report figure3.html
99.08.01 19:42 A c:\mydocu~1\wfo-cbrc\webmas~1\websit~1\cbrc\96report\figure4.html --> shell16.ba.best.com /home/wfo/public_html/cbrc/96report figure4.html
99.08.01 19:42 A c:\mydocu~1\wfo-cbrc\webmas~1\websit~1\cbrc\96report\figure5.html --> shell16.ba.best.com /home/wfo/public_html/cbrc/96report figure5.html
99.08.01 19:42 A c:\mydocu~1\wfo-cbrc\webmas~1\websit~1\cbrc\96report\figure6.html --> shell16.ba.best.com /home/wfo/public_html/cbrc/96report figure6.html
99.08.01 19:42 A c:\mydocu~1\wfo-cbrc\webmas~1\websit~1\cbrc\96report\figure7.html --> shell16.ba.best.com /home/wfo/public_html/cbrc/96report figure7.html
99.08.01 19:42 A c:\mydocu~1\wfo-cbrc\webmas~1\websit~1\cbrc\96report\figure8.html --> shell16.ba.best.com /home/wfo/public_html/cbrc/96report figure8.html
99.08.01 19:43 A c:\mydocu~1\wfo-cbrc\webmas~1\websit~1\cbrc\96report\figure9.html --> shell16.ba.best.com /home/wfo/public_html/cbrc/96report figure9.html
100.07.22 11:55 A c:\mydocu~1\wfo-cbrc\webmas~1\websit~1\cbrc\96report\96report.html --> shell16.ba.best.com /home/wfo/public_html/cbrc/96report 96report.html
