**************
File: 	alfl1.jpg
File successfully processed.
Original File Size: 	37339
Size After Stripping: 	32505
Savings: 	4834
**************
File: 	alfl2.jpg
File successfully processed.
Original File Size: 	30649
Size After Stripping: 	26405
Savings: 	4244
**************
File: 	amwo3.jpg
File successfully processed.
Original File Size: 	28655
Size After Stripping: 	25005
Savings: 	3650
**************
File: 	amwo4.jpg
File successfully processed.
Original File Size: 	20511
Size After Stripping: 	17067
Savings: 	3444
**************
File: 	arwa.jpg
File successfully processed.
Original File Size: 	26644
Size After Stripping: 	20835
Savings: 	5809
**************
File: 	arwa1.jpg
File successfully processed.
Original File Size: 	29976
Size After Stripping: 	25669
Savings: 	4307
**************
File: 	bbhu.jpg
File successfully processed.
Original File Size: 	15842
Size After Stripping: 	12305
Savings: 	3537
**************
File: 	bbwa1.jpg
File successfully processed.
Original File Size: 	55957
Size After Stripping: 	51293
Savings: 	4664
**************
File: 	bcni.jpg
File successfully processed.
Original File Size: 	37212
Size After Stripping: 	32311
Savings: 	4901
**************
File: 	bfbo.jpg
File successfully processed.
Original File Size: 	14101
Size After Stripping: 	10776
Savings: 	3325
**************
File: 	bfbo1.jpg
File successfully processed.
Original File Size: 	18412
Size After Stripping: 	14925
Savings: 	3487
**************
File: 	bhgu1.jpg
File successfully processed.
Original File Size: 	21847
Size After Stripping: 	17954
Savings: 	3893
**************
File: 	bhgu2.jpg
File successfully processed.
Original File Size: 	23962
Size After Stripping: 	20569
Savings: 	3393
**************
File: 	bhvi1.jpg
File successfully processed.
Original File Size: 	27447
Size After Stripping: 	23555
Savings: 	3892
**************
File: 	bhvi2.jpg
File successfully processed.
Original File Size: 	19263
Size After Stripping: 	16103
Savings: 	3160
**************
File: 	bhvi3.jpg
File successfully processed.
Original File Size: 	20210
Size After Stripping: 	16680
Savings: 	3530
**************
File: 	brbo1.jpg
File successfully processed.
Original File Size: 	31976
Size After Stripping: 	28345
Savings: 	3631
**************
File: 	brbo2.jpg
File successfully processed.
Original File Size: 	32489
Size After Stripping: 	27890
Savings: 	4599
**************
File: 	brbo3.jpg
File successfully processed.
Original File Size: 	22789
Size After Stripping: 	18250
Savings: 	4539
**************
File: 	brbo4.jpg
File successfully processed.
Original File Size: 	23437
Size After Stripping: 	18250
Savings: 	5187
**************
File: 	brbo5.JPG
File successfully processed.
Original File Size: 	17183
Size After Stripping: 	13272
Savings: 	3911
**************
File: 	brbo6.jpg
File successfully processed.
Original File Size: 	19900
Size After Stripping: 	15657
Savings: 	4243
**************
File: 	brbo7.jpg
File successfully processed.
Original File Size: 	12226
Size After Stripping: 	9283
Savings: 	2943
**************
File: 	brfi.jpg
File successfully processed.
Original File Size: 	33740
Size After Stripping: 	27543
Savings: 	6197
**************
File: 	btcu1.jpg
File successfully processed.
Original File Size: 	23481
Size After Stripping: 	19544
Savings: 	3937
**************
File: 	btcu2.jpg
File successfully processed.
Original File Size: 	18987
Size After Stripping: 	15684
Savings: 	3303
**************
File: 	btcu3.jpg
File successfully processed.
Original File Size: 	23719
Size After Stripping: 	19120
Savings: 	4599
**************
File: 	btgo.jpg
File successfully processed.
Original File Size: 	24351
Size After Stripping: 	20316
Savings: 	4035
**************
File: 	btgu1.jpg
File successfully processed.
Original File Size: 	18166
Size After Stripping: 	14961
Savings: 	3205
**************
File: 	btgu2.jpg
File successfully processed.
Original File Size: 	21638
Size After Stripping: 	17481
Savings: 	4157
**************
File: 	btgu3.jpg
File successfully processed.
Original File Size: 	29432
Size After Stripping: 	23957
Savings: 	5475
**************
File: 	bupe.jpg
File successfully processed.
Original File Size: 	17057
Size After Stripping: 	14367
Savings: 	2690
**************
File: 	bwwa1.jpg
File successfully processed.
Original File Size: 	22848
Size After Stripping: 	18995
Savings: 	3853
**************
File: 	bwwa2.jpg
File successfully processed.
Original File Size: 	19756
Size After Stripping: 	16123
Savings: 	3633
**************
File: 	bwwa3.jpg
File successfully processed.
Original File Size: 	39240
Size After Stripping: 	35369
Savings: 	3871
**************
File: 	bwwa4.jpg
File successfully processed.
Original File Size: 	24640
Size After Stripping: 	19342
Savings: 	5298
**************
File: 	cewa.jpg
File successfully processed.
Original File Size: 	27336
Size After Stripping: 	21961
Savings: 	5375
**************
File: 	cogr.jpg
File successfully processed.
Original File Size: 	29464
Size After Stripping: 	22529
Savings: 	6935
**************
File: 	cogr1.jpg
File successfully processed.
Original File Size: 	26857
Size After Stripping: 	23515
Savings: 	3342
**************
File: 	copo1.jpg
File successfully processed.
Original File Size: 	20581
Size After Stripping: 	17091
Savings: 	3490
**************
File: 	copo2.jpg
File successfully processed.
Original File Size: 	17735
Size After Stripping: 	14407
Savings: 	3328
**************
File: 	cowa.jpg
File successfully processed.
Original File Size: 	19625
Size After Stripping: 	16226
Savings: 	3399
**************
File: 	dcfl.jpg
File successfully processed.
Original File Size: 	39142
Size After Stripping: 	33363
Savings: 	5779
**************
File: 	dcfl1.jpg
File successfully processed.
Original File Size: 	24280
Size After Stripping: 	19633
Savings: 	4647
**************
File: 	drpe1.jpg
File successfully processed.
Original File Size: 	22564
Size After Stripping: 	18177
Savings: 	4387
**************
File: 	drpe2.jpg
File successfully processed.
Original File Size: 	9198
Size After Stripping: 	7359
Savings: 	1839
**************
File: 	duwa.jpg
File successfully processed.
Original File Size: 	20287
Size After Stripping: 	17074
Savings: 	3213
**************
File: 	duwa1.jpg
File successfully processed.
Original File Size: 	24792
Size After Stripping: 	20401
Savings: 	4391
**************
File: 	ewpe.jpg
File successfully processed.
Original File Size: 	48177
Size After Stripping: 	42528
Savings: 	5649
**************
File: 	ewpe1.jpg
File successfully processed.
Original File Size: 	27995
Size After Stripping: 	23847
Savings: 	4148
**************
File: 	fisp.jpg
File successfully processed.
Original File Size: 	33621
Size After Stripping: 	28554
Savings: 	5067
**************
File: 	garg1.jpg
File successfully processed.
Original File Size: 	19109
Size After Stripping: 	16451
Savings: 	2658
**************
File: 	gcfl1.jpg
File successfully processed.
Original File Size: 	21770
Size After Stripping: 	16833
Savings: 	4937
**************
File: 	gcfl2.jpg
File successfully processed.
Original File Size: 	12622
Size After Stripping: 	9353
Savings: 	3269
**************
File: 	gcfl3.jpg
File successfully processed.
Original File Size: 	31141
Size After Stripping: 	25633
Savings: 	5508
**************
File: 	grca.jpg
File successfully processed.
Original File Size: 	22878
Size After Stripping: 	18923
Savings: 	3955
**************
File: 	grca1.jpg
File successfully processed.
Original File Size: 	47668
Size After Stripping: 	43440
Savings: 	4228
**************
File: 	grca2.jpg
File successfully processed.
Original File Size: 	44292
Size After Stripping: 	37932
Savings: 	6360
**************
File: 	grca3.jpg
File successfully processed.
Original File Size: 	26338
Size After Stripping: 	22392
Savings: 	3946
**************
File: 	grpe1.jpg
File successfully processed.
Original File Size: 	27407
Size After Stripping: 	23223
Savings: 	4184
**************
File: 	grpe2.jpg
File successfully processed.
Original File Size: 	16936
Size After Stripping: 	13748
Savings: 	3188
**************
File: 	grpe3.jpg
File successfully processed.
Original File Size: 	47167
Size After Stripping: 	43987
Savings: 	3180
**************
File: 	grti.jpg
File successfully processed.
Original File Size: 	24001
Size After Stripping: 	19838
Savings: 	4163
**************
File: 	gwpe1.jpg
File successfully processed.
Original File Size: 	27823
Size After Stripping: 	23965
Savings: 	3858
**************
File: 	gwpe7.jpg
File successfully processed.
Original File Size: 	39808
Size After Stripping: 	35854
Savings: 	3954
**************
File: 	gwwa1.jpg
File successfully processed.
Original File Size: 	29901
Size After Stripping: 	24854
Savings: 	5047
**************
File: 	haha.jpg
File successfully processed.
Original File Size: 	57378
Size After Stripping: 	49467
Savings: 	7911
**************
File: 	haha2.jpg
File successfully processed.
Original File Size: 	20240
Size After Stripping: 	16918
Savings: 	3322
**************
File: 	hugo.jpg
File successfully processed.
Original File Size: 	36506
Size After Stripping: 	31367
Savings: 	5139
**************
File: 	hugo1.jpg
File successfully processed.
Original File Size: 	36759
Size After Stripping: 	31110
Savings: 	5649
**************
File: 	icgu01.jpg
File successfully processed.
Original File Size: 	18412
Size After Stripping: 	13943
Savings: 	4469
**************
File: 	icgu02.jpg
File successfully processed.
Original File Size: 	8459
Size After Stripping: 	6136
Savings: 	2323
**************
File: 	icgu03.jpg
File successfully processed.
Original File Size: 	6776
Size After Stripping: 	4891
Savings: 	1885
**************
File: 	icgu04.jpg
File successfully processed.
Original File Size: 	14974
Size After Stripping: 	11251
Savings: 	3723
**************
File: 	lbbg.jpg
File successfully processed.
Original File Size: 	26598
Size After Stripping: 	23335
Savings: 	3263
**************
File: 	lbbg1.jpg
File successfully processed.
Original File Size: 	24033
Size After Stripping: 	17463
Savings: 	6570
**************
File: 	lbbg2.jpg
File successfully processed.
Original File Size: 	27433
Size After Stripping: 	20529
Savings: 	6904
**************
File: 	lbbg3.jpg
File successfully processed.
Original File Size: 	29450
Size After Stripping: 	23462
Savings: 	5988
**************
File: 	lbbg4.jpg
File successfully processed.
Original File Size: 	24529
Size After Stripping: 	20051
Savings: 	4478
**************
File: 	lbbg5.jpg
File successfully processed.
Original File Size: 	20644
Size After Stripping: 	16688
Savings: 	3956
**************
File: 	lbmu1.jpg
File successfully processed.
Original File Size: 	22266
Size After Stripping: 	18792
Savings: 	3474
**************
File: 	lecontes.jpg
File successfully processed.
Original File Size: 	87720
Size After Stripping: 	77954
Savings: 	9766
**************
File: 	lesp1.jpg
File successfully processed.
Original File Size: 	37785
Size After Stripping: 	32062
Savings: 	5723
**************
File: 	ligu1.jpg
File successfully processed.
Original File Size: 	13732
Size After Stripping: 	11672
Savings: 	2060
**************
File: 	ligu2.jpg
File successfully processed.
Original File Size: 	11179
Size After Stripping: 	8831
Savings: 	2348
**************
File: 	ligu3.jpg
File successfully processed.
Original File Size: 	11039
Size After Stripping: 	8563
Savings: 	2476
**************
File: 	list1.jpg
File successfully processed.
Original File Size: 	40740
Size After Stripping: 	35796
Savings: 	4944
**************
File: 	list2.jpg
File successfully processed.
Original File Size: 	53667
Size After Stripping: 	47887
Savings: 	5780
**************
File: 	list3.jpg
File successfully processed.
Original File Size: 	57527
Size After Stripping: 	51717
Savings: 	5810
**************
File: 	list4.jpg
File successfully processed.
Original File Size: 	28641
Size After Stripping: 	24201
Savings: 	4440
**************
File: 	list5.jpg
File successfully processed.
Original File Size: 	34913
Size After Stripping: 	30321
Savings: 	4592
**************
File: 	mabo1.jpg
File successfully processed.
Original File Size: 	23450
Size After Stripping: 	20481
Savings: 	2969
**************
File: 	mabo2.jpg
File successfully processed.
Original File Size: 	20896
Size After Stripping: 	16205
Savings: 	4691
**************
File: 	mabo3.jpg
File successfully processed.
Original File Size: 	22035
Size After Stripping: 	18018
Savings: 	4017
**************
File: 	mabo4.jpg
File successfully processed.
Original File Size: 	11963
Size After Stripping: 	9141
Savings: 	2822
**************
File: 	mabo5.jpg
File successfully processed.
Original File Size: 	14404
Size After Stripping: 	10980
Savings: 	3424
**************
File: 	mash1.jpg
File successfully processed.
Original File Size: 	13220
Size After Stripping: 	10111
Savings: 	3109
**************
File: 	mash2.jpg
File successfully processed.
Original File Size: 	17820
Size After Stripping: 	14183
Savings: 	3637
**************
File: 	mash3.jpg
File successfully processed.
Original File Size: 	39731
Size After Stripping: 	34042
Savings: 	5689
**************
File: 	mash4.jpg
File successfully processed.
Original File Size: 	26269
Size After Stripping: 	21594
Savings: 	4675
**************
File: 	miki1.jpg
File successfully processed.
Original File Size: 	9856
Size After Stripping: 	7606
Savings: 	2250
**************
File: 	Mongolian_01.JPG
File successfully processed.
Original File Size: 	35269
Size After Stripping: 	31307
Savings: 	3962
**************
File: 	mopl.jpg
File successfully processed.
Original File Size: 	23974
Size After Stripping: 	20502
Savings: 	3472
**************
File: 	mopl1.jpg
File successfully processed.
Original File Size: 	43700
Size After Stripping: 	37778
Savings: 	5922
**************
File: 	mowa.jpg
File successfully processed.
Original File Size: 	25195
Size After Stripping: 	19718
Savings: 	5477
**************
File: 	mowa1.jpg
File successfully processed.
Original File Size: 	35933
Size After Stripping: 	31892
Savings: 	4041
**************
File: 	mowa2.jpg
File successfully processed.
Original File Size: 	30704
Size After Stripping: 	26921
Savings: 	3783
**************
File: 	neco1.jpg
File successfully processed.
Original File Size: 	11468
Size After Stripping: 	9074
Savings: 	2394
**************
File: 	obpi1.jpg
File successfully processed.
Original File Size: 	37044
Size After Stripping: 	32710
Savings: 	4334
**************
File: 	obpi2.jpg
File successfully processed.
Original File Size: 	32123
Size After Stripping: 	27095
Savings: 	5028
**************
File: 	obpi3.jpg
File successfully processed.
Original File Size: 	41877
Size After Stripping: 	35489
Savings: 	6388
**************
File: 	obpi4.jpg
File successfully processed.
Original File Size: 	30624
Size After Stripping: 	25764
Savings: 	4860
**************
File: 	obpi5.jpg
File successfully processed.
Original File Size: 	23732
Size After Stripping: 	20554
Savings: 	3178
**************
File: 	pabu.jpg
File successfully processed.
Original File Size: 	40532
Size After Stripping: 	34854
Savings: 	5678
**************
File: 	phvi.jpg
File successfully processed.
Original File Size: 	42573
Size After Stripping: 	37562
Savings: 	5011
**************
File: 	phvi1.jpg
File successfully processed.
Original File Size: 	23843
Size After Stripping: 	19509
Savings: 	4334
**************
File: 	phvi2.jpg
File successfully processed.
Original File Size: 	26801
Size After Stripping: 	22941
Savings: 	3860
**************
File: 	puga1.jpg
File successfully processed.
Original File Size: 	30461
Size After Stripping: 	24454
Savings: 	6007
**************
File: 	puga2.jpg
File successfully processed.
Original File Size: 	36838
Size After Stripping: 	29403
Savings: 	7435
**************
File: 	reeg1.jpg
File successfully processed.
Original File Size: 	28024
Size After Stripping: 	22991
Savings: 	5033
**************
File: 	reeg2.jpg
File successfully processed.
Original File Size: 	27842
Size After Stripping: 	23055
Savings: 	4787
**************
File: 	reeg3.jpg
File successfully processed.
Original File Size: 	22370
Size After Stripping: 	19603
Savings: 	2767
**************
File: 	reeg4.jpg
File successfully processed.
Original File Size: 	29667
Size After Stripping: 	25194
Savings: 	4473
**************
File: 	rfwa.jpg
File successfully processed.
Original File Size: 	18527
Size After Stripping: 	14881
Savings: 	3646
**************
File: 	rthu1.jpg
File successfully processed.
Original File Size: 	27571
Size After Stripping: 	24115
Savings: 	3456
**************
File: 	rthu2.jpg
File successfully processed.
Original File Size: 	27450
Size After Stripping: 	23854
Savings: 	3596
**************
File: 	rttr.jpg
File successfully processed.
Original File Size: 	12218
Size After Stripping: 	10303
Savings: 	1915
**************
File: 	rugd.jpg
File successfully processed.
Original File Size: 	39700
Size After Stripping: 	33815
Savings: 	5885
**************
File: 	rugd1.jpg
File successfully processed.
Original File Size: 	23605
Size After Stripping: 	19447
Savings: 	4158
**************
File: 	sate.jpg
File successfully processed.
Original File Size: 	20437
Size After Stripping: 	15700
Savings: 	4737
**************
File: 	sate1.jpg
File successfully processed.
Original File Size: 	23816
Size After Stripping: 	18477
Savings: 	5339
**************
File: 	sate2.jpg
File successfully processed.
Original File Size: 	20021
Size After Stripping: 	15160
Savings: 	4861
**************
File: 	sate3.jpg
File successfully processed.
Original File Size: 	27310
Size After Stripping: 	22393
Savings: 	4917
**************
File: 	sate4.jpg
File successfully processed.
Original File Size: 	31520
Size After Stripping: 	26013
Savings: 	5507
**************
File: 	sate5.jpg
File successfully processed.
Original File Size: 	35160
Size After Stripping: 	29313
Savings: 	5847
**************
File: 	sbfl1.jpg
File successfully processed.
Original File Size: 	35559
Size After Stripping: 	28236
Savings: 	7323
**************
File: 	sbfl2.jpg
File successfully processed.
Original File Size: 	22347
Size After Stripping: 	18030
Savings: 	4317
**************
File: 	sbgu1.jpg
File successfully processed.
Original File Size: 	28148
Size After Stripping: 	20422
Savings: 	7726
**************
File: 	sbgu2.jpg
File successfully processed.
Original File Size: 	34100
Size After Stripping: 	27636
Savings: 	6464
**************
File: 	sbor.jpg
File successfully processed.
Original File Size: 	31617
Size After Stripping: 	25744
Savings: 	5873
**************
File: 	sbor1.jpg
File successfully processed.
Original File Size: 	35843
Size After Stripping: 	29082
Savings: 	6761
**************
File: 	sbor2.jpg
File successfully processed.
Original File Size: 	293130
Size After Stripping: 	286939
Savings: 	6191
**************
File: 	scta.jpg
File successfully processed.
Original File Size: 	45634
Size After Stripping: 	39142
Savings: 	6492
**************
File: 	scta1.jpg
File successfully processed.
Original File Size: 	32419
Size After Stripping: 	26900
Savings: 	5519
**************
File: 	sewr.jpg
File successfully processed.
Original File Size: 	30682
Size After Stripping: 	25011
Savings: 	5671
**************
File: 	Slaty_01.JPG
File successfully processed.
Original File Size: 	20184
Size After Stripping: 	16944
Savings: 	3240
**************
File: 	Slaty_01a.JPG
File successfully processed.
Original File Size: 	32214
Size After Stripping: 	28312
Savings: 	3902
**************
File: 	slaty_1.jpg
File successfully processed.
Original File Size: 	15056
Size After Stripping: 	11323
Savings: 	3733
**************
File: 	slaty_2.jpg
File successfully processed.
Original File Size: 	14075
Size After Stripping: 	10550
Savings: 	3525
**************
File: 	smlo.jpg
File successfully processed.
Original File Size: 	30756
Size After Stripping: 	24005
Savings: 	6751
**************
File: 	smlo1.jpg
File successfully processed.
Original File Size: 	37785
Size After Stripping: 	32170
Savings: 	5615
**************
File: 	sote.jpg
File successfully processed.
Original File Size: 	13793
Size After Stripping: 	10482
Savings: 	3311
**************
File: 	sppi.jpg
File successfully processed.
Original File Size: 	27698
Size After Stripping: 	22135
Savings: 	5563
**************
File: 	sppi1.jpg
File successfully processed.
Original File Size: 	30517
Size After Stripping: 	23580
Savings: 	6937
**************
File: 	sppi2.jpg
File successfully processed.
Original File Size: 	40399
Size After Stripping: 	34506
Savings: 	5893
**************
File: 	sppi3.jpg
File successfully processed.
Original File Size: 	32099
Size After Stripping: 	26916
Savings: 	5183
**************
File: 	sppi4.jpg
File successfully processed.
Original File Size: 	28563
Size After Stripping: 	24662
Savings: 	3901
**************
File: 	stal1.jpg
File successfully processed.
Original File Size: 	10839
Size After Stripping: 	8757
Savings: 	2082
**************
File: 	stal2.jpg
File successfully processed.
Original File Size: 	7680
Size After Stripping: 	5640
Savings: 	2040
**************
File: 	stal3.jpg
File successfully processed.
Original File Size: 	9301
Size After Stripping: 	7045
Savings: 	2256
**************
File: 	stfl.jpg
File successfully processed.
Original File Size: 	15297
Size After Stripping: 	12164
Savings: 	3133
**************
File: 	stfl1.jpg
File successfully processed.
Original File Size: 	32984
Size After Stripping: 	27923
Savings: 	5061
**************
File: 	stfl2.jpg
File successfully processed.
Original File Size: 	56155
Size After Stripping: 	47574
Savings: 	8581
**************
File: 	stgu1.jpg
File successfully processed.
Original File Size: 	16779
Size After Stripping: 	14203
Savings: 	2576
**************
File: 	stgu2.jpg
File successfully processed.
Original File Size: 	22355
Size After Stripping: 	19523
Savings: 	2832
**************
File: 	stgu3.jpg
File successfully processed.
Original File Size: 	24257
Size After Stripping: 	20061
Savings: 	4196
**************
File: 	tbki1.jpg
File successfully processed.
Original File Size: 	17201
Size After Stripping: 	14019
Savings: 	3182
**************
File: 	tbki2.jpg
File successfully processed.
Original File Size: 	16608
Size After Stripping: 	13102
Savings: 	3506
**************
File: 	trhe.jpg
File successfully processed.
Original File Size: 	21027
Size After Stripping: 	16686
Savings: 	4341
**************
File: 	trhe1.jpg
File successfully processed.
Original File Size: 	38085
Size After Stripping: 	31434
Savings: 	6651
**************
File: 	trhe2.jpg
File successfully processed.
Original File Size: 	57054
Size After Stripping: 	49989
Savings: 	7065
**************
File: 	trhe3.jpg
File successfully processed.
Original File Size: 	35635
Size After Stripping: 	29941
Savings: 	5694
**************
File: 	trsw1.jpg
File successfully processed.
Original File Size: 	35066
Size After Stripping: 	30964
Savings: 	4102
**************
File: 	Upsa.jpg
File successfully processed.
Original File Size: 	30379
Size After Stripping: 	25363
Savings: 	5016
**************
File: 	veer.jpg
File successfully processed.
Original File Size: 	27482
Size After Stripping: 	23132
Savings: 	4350
**************
File: 	wagtail1.jpg
File successfully processed.
Original File Size: 	37497
Size After Stripping: 	32033
Savings: 	5464
**************
File: 	wagtail2.jpg
File successfully processed.
Original File Size: 	45267
Size After Stripping: 	38981
Savings: 	6286
**************
File: 	wagtail3.jpg
File successfully processed.
Original File Size: 	25248
Size After Stripping: 	21652
Savings: 	3596
**************
File: 	wevi.jpg
File successfully processed.
Original File Size: 	25296
Size After Stripping: 	21365
Savings: 	3931
**************
File: 	whsw1.jpg
File successfully processed.
Original File Size: 	13308
Size After Stripping: 	9178
Savings: 	4130
**************
File: 	whsw2.jpg
File successfully processed.
Original File Size: 	13329
Size After Stripping: 	10159
Savings: 	3170
**************
File: 	whwa1.jpg
File successfully processed.
Original File Size: 	30652
Size After Stripping: 	26118
Savings: 	4534
**************
File: 	whwa2.jpg
File successfully processed.
Original File Size: 	50759
Size After Stripping: 	43293
Savings: 	7466
**************
File: 	whwa3.jpg
File successfully processed.
Original File Size: 	46281
Size After Stripping: 	40167
Savings: 	6114
**************
File: 	whwa4.jpg
File successfully processed.
Original File Size: 	29946
Size After Stripping: 	26688
Savings: 	3258
**************
File: 	whwa5.jpg
File successfully processed.
Original File Size: 	18074
Size After Stripping: 	15084
Savings: 	2990
**************
File: 	whwa6.jpg
File successfully processed.
Original File Size: 	23504
Size After Stripping: 	19570
Savings: 	3934
**************
File: 	wipl1.jpg
File successfully processed.
Original File Size: 	22409
Size After Stripping: 	18929
Savings: 	3480
**************
File: 	wtsh1.jpg
File successfully processed.
Original File Size: 	29663
Size After Stripping: 	25629
Savings: 	4034
**************
File: 	wtsh2.jpg
File successfully processed.
Original File Size: 	55349
Size After Stripping: 	49863
Savings: 	5486
**************
File: 	wtsh3.jpg
File successfully processed.
Original File Size: 	46523
Size After Stripping: 	41291
Savings: 	5232
**************
File: 	ybfl1.jpg
File successfully processed.
Original File Size: 	24980
Size After Stripping: 	20361
Savings: 	4619
**************
File: 	ybfl2.jpg
File successfully processed.
Original File Size: 	21540
Size After Stripping: 	17313
Savings: 	4227
**************
File: 	ybfl3.jpg
File successfully processed.
Original File Size: 	18167
Size After Stripping: 	14412
Savings: 	3755
**************
File: 	yblo.jpg
File successfully processed.
Original File Size: 	18687
Size After Stripping: 	15268
Savings: 	3419
**************
File: 	yblo1.jpg
File successfully processed.
Original File Size: 	20631
Size After Stripping: 	17273
Savings: 	3358
**************
File: 	yera1.jpg
File successfully processed.
Original File Size: 	15395
Size After Stripping: 	12169
Savings: 	3226
**************
File: 	ygvi1.jpg
File successfully processed.
Original File Size: 	17087
Size After Stripping: 	13322
Savings: 	3765
**************
File: 	ygvi2.jpg
File successfully processed.
Original File Size: 	15900
Size After Stripping: 	12437
Savings: 	3463
**************
File: 	ytvi.jpg
File successfully processed.
Original File Size: 	27713
Size After Stripping: 	22374
Savings: 	5339
**************
File: 	ytwa.jpg
File successfully processed.
Original File Size: 	42831
Size After Stripping: 	37588
Savings: 	5243
**************
File: 	ztha.jpg
File successfully processed.
Original File Size: 	11518
Size After Stripping: 	8909
Savings: 	2609
**************
File: 	ztha1.jpg
No need to strip this file.
Original File Size: 	17542
--------------------------------------
Files processed: 203
Total bytes saved: 897847
0 Total Errors
1 No changes needed
202 Files successfully stripped
