100.06.18 19:50 B c:\mydocu~1\wfo-cbrc\webmas~1\websit~1\cbrc\97report\fig2.jpg --> shell16.ba.best.com /home/wfo/public_html/cbrc/97report fig2.jpg
100.06.18 19:50 B c:\mydocu~1\wfo-cbrc\webmas~1\websit~1\cbrc\97report\fig6.jpg --> shell16.ba.best.com /home/wfo/public_html/cbrc/97report fig6.jpg
100.06.18 19:50 B c:\mydocu~1\wfo-cbrc\webmas~1\websit~1\cbrc\97report\fig7.jpg --> shell16.ba.best.com /home/wfo/public_html/cbrc/97report fig7.jpg
100.06.18 19:50 B c:\mydocu~1\wfo-cbrc\webmas~1\websit~1\cbrc\97report\fig8.jpg --> shell16.ba.best.com /home/wfo/public_html/cbrc/97report fig8.jpg
100.06.18 19:50 B c:\mydocu~1\wfo-cbrc\webmas~1\websit~1\cbrc\97report\fig9.jpg --> shell16.ba.best.com /home/wfo/public_html/cbrc/97report fig9.jpg
100.07.21 12:30 A c:\mydocu~1\wfo-cbrc\webmas~1\websit~1\cbrc\97report\97report.html <-- CBRC /home/wfo/public_html/cbrc/97report 97report.html
100.07.21 12:30 B c:\mydocu~1\wfo-cbrc\webmas~1\websit~1\cbrc\97report\fig1.gif <-- CBRC /home/wfo/public_html/cbrc/97report fig1.gif
100.07.21 12:30 A c:\mydocu~1\wfo-cbrc\webmas~1\websit~1\cbrc\97report\figure1.html <-- CBRC /home/wfo/public_html/cbrc/97report figure1.html
100.07.21 12:30 A c:\mydocu~1\wfo-cbrc\webmas~1\websit~1\cbrc\97report\figure2.html <-- CBRC /home/wfo/public_html/cbrc/97report figure2.html
100.07.21 12:30 A c:\mydocu~1\wfo-cbrc\webmas~1\websit~1\cbrc\97report\figure3.html <-- CBRC /home/wfo/public_html/cbrc/97report figure3.html
100.07.21 12:30 A c:\mydocu~1\wfo-cbrc\webmas~1\websit~1\cbrc\97report\figure4.html <-- CBRC /home/wfo/public_html/cbrc/97report figure4.html
100.07.21 12:30 A c:\mydocu~1\wfo-cbrc\webmas~1\websit~1\cbrc\97report\figure5.html <-- CBRC /home/wfo/public_html/cbrc/97report figure5.html
100.07.21 12:30 A c:\mydocu~1\wfo-cbrc\webmas~1\websit~1\cbrc\97report\figure6.html <-- CBRC /home/wfo/public_html/cbrc/97report figure6.html
100.07.21 12:30 A c:\mydocu~1\wfo-cbrc\webmas~1\websit~1\cbrc\97report\figure7.html <-- CBRC /home/wfo/public_html/cbrc/97report figure7.html
100.07.21 12:30 A c:\mydocu~1\wfo-cbrc\webmas~1\websit~1\cbrc\97report\figure8.html <-- CBRC /home/wfo/public_html/cbrc/97report figure8.html
100.07.21 12:30 A c:\mydocu~1\wfo-cbrc\webmas~1\websit~1\cbrc\97report\figure9.html <-- CBRC /home/wfo/public_html/cbrc/97report figure9.html
100.07.21 13:16 A c:\mydocu~1\wfo-cbrc\webmas~1\websit~1\cbrc\97report\97report.html --> shell16.ba.best.com /home/wfo/public_html/cbrc/97report 97report.html
100.07.21 13:16 B c:\mydocu~1\wfo-cbrc\webmas~1\websit~1\cbrc\97report\fig3.gif --> shell16.ba.best.com /home/wfo/public_html/cbrc/97report fig3.gif
100.07.21 13:16 B c:\mydocu~1\wfo-cbrc\webmas~1\websit~1\cbrc\97report\fig4.gif --> shell16.ba.best.com /home/wfo/public_html/cbrc/97report fig4.gif
100.07.21 13:16 B c:\mydocu~1\wfo-cbrc\webmas~1\websit~1\cbrc\97report\fig5.gif --> shell16.ba.best.com /home/wfo/public_html/cbrc/97report fig5.gif
100.07.22 10:29 A c:\mydocu~1\wfo-cbrc\webmas~1\websit~1\cbrc\97report\97report.html --> shell16.ba.best.com /home/wfo/public_html/cbrc/97report 97report.html
100.07.22 11:56 A c:\mydocu~1\wfo-cbrc\webmas~1\websit~1\cbrc\97report\97report.html --> shell16.ba.best.com /home/wfo/public_html/cbrc/97report 97report.html
100.08.15 10:08 A c:\mydocu~1\wfo-cbrc\webmas~1\websit~1\cbrc\97report\97report.html <-- CBRC /home/wfo/public_html/cbrc/97report 97report.html
